2026-02-14T19:15:22.749Z [info] [bots] Creating tmi clie2026-02-14T19:16:24.926Z [info] [bots] Bot message sent
2026-02-14T19:16:25.049Z [info] [bots] Bot message sent
2026-02-14T19:16:25.110Z [info] [bots] Bot message sent
2026-02-14T19:16:25.265Z [info] [bots] Bot message sent
2026-02-14T19:16:25.349Z [info] [bots] Bot message sent
2026-02-14T19:16:25.619Z [info] [bots] Bot message sent
2026-02-14T19:16:26.147Z [info] [bots] Bot message sent
2026-02-14T19:16:26.316Z [info] [bots] Bot message sent
2026-02-14T19:16:26.515Z [info] [bots] Bot message sent
2026-02-14T19:16:26.763Z [info] [bots] Bot message sent
2026-02-14T19:17:01.851Z [info] [bots] Broadcasting custom message to 11 bots with 1-4 sec delays
2026-02-14T19:17:02.981Z [info] [bots] Bot message sent
2026-02-14T19:17:03.026Z [info] [bots] Bot message sent
2026-02-14T19:17:03.581Z [info] [bots] Bot message sent
2026-02-14T19:17:03.969Z [info] [bots] Bot message sent
2026-02-14T19:17:04.139Z [info] [bots] Bot message sent
2026-02-14T19:17:04.340Z [info] [bots] Bot message sent
2026-02-14T19:17:04.370Z [info] [bots] Bot message sent
2026-02-14T19:17:05.049Z [info] [bots] Bot message sent
2026-02-14T19:17:05.050Z [info] [bots] Bot message sent
2026-02-14T19:17:05.451Z [info] [bots] Bot message sent
2026-02-14T19:17:05.606Z [info] [bots] Bot message sent
2026-02-14T19:18:26.284Z [info] [bots] Bot message sent
2026-02-14T19:18:26.748Z [info] [bots] Bot message sent
2026-02-14T19:18:26.980Z [info] [bots] Bot message sent
2026-02-14T19:18:27.413Z [info] [bots] Bot message sent
2026-02-14T19:18:27.867Z [info] [bots] Bot message sent
2026-02-14T19:18:27.920Z [info] [bots] Bot message sent
2026-02-14T19:18:28.012Z [info] [bots] Bot message sent
2026-02-14T19:18:28.904Z [info] [bots] Bot message sent
2026-02-14T19:18:29.178Z [info] [bots] Bot message sent
2026-02-14T19:18:29.273Z [info] [bots] Bot message sent
2026-02-14T19:18:30.169Z [info] [bots] Bot message sent
2026-02-14T19:19:02.008Z [info] [bots] Broadcasting custom message to 11 bots with 1-4 sec delays
2026-02-14T19:19:03.165Z [info] [bots] Bot message sent
2026-02-14T19:19:04.599Z [info] [bots] Bot message sent
2026-02-14T19:19:04.800Z [info] [bots] Bot message sent
2026-02-14T19:19:04.924Z [info] [bots] Bot message sent
2026-02-14T19:19:05.069Z [info] [bots] Bot message sent
2026-02-14T19:19:05.464Z [info] [bots] Bot message sent
2026-02-14T19:19:05.557Z [info] [bots] Bot message sent
2026-02-14T19:19:05.603Z [info] [bots] Bot message sent
2026-02-14T19:19:05.634Z [info] [bots] Bot message sent
2026-02-14T19:19:05.818Z [info] [bots] Bot message sent
2026-02-14T19:19:05.864Z [info] [bots] Bot message sent
2026-02-14T19:19:37.308Z [info] [bots] Emotion triggered for 3/11 bots
2026-02-14T19:19:38.357Z [info] [bots] Bot message sent
2026-02-14T19:19:38.756Z [info] [bots] Bot message sent
2026-02-14T19:19:39.112Z [info] [bots] Bot message sent
2026-02-14T19:19:39.355Z [info] [bots] Emotion triggered for 4/11 bots
2026-02-14T19:19:40.176Z [info] [bots] Bot message sent
2026-02-14T19:19:40.842Z [info] [bots] Bot message sent
2026-02-14T19:19:40.857Z [info] [bots] Bot message sent
2026-02-14T19:19:41.228Z [info] [bots] Bot message sent
[info] [bots] Joined channel
2026-02-14T19:15:33.767Z [info] [bots] Joined channel
2026-02-14T19:15:33.767Z [info] [bots] Joined channel
2026-02-14T19:15:33.767Z [info] [bots] Joined channel
2026-02-14T19:15:36.118Z [info] [bots] Joined channel
2026-02-14T19:15:36.119Z [info] [bots] Joined channel
2026-02-14T19:15:36.119Z [info] [bots] Joined channel
2026-02-14T19:15:36.119Z [info] [bots] Joined channel
2026-02-14T19:15:41.895Z [info] [bots] Joined channel
2026-02-14T19:15:41.896Z [info] [bots] Joined channel
2026-02-14T19:15:41.896Z [info] [bots] Joined channel
2026-02-14T19:15:41.896Z [info] [bots] Joined channel
2026-02-14T19:15:42.074Z [info] [bots] Joined channel
2026-02-14T19:15:42.074Z [info] [bots] Joined channel
2026-02-14T19:15:42.075Z [info] [bots] Joined channel
2026-02-14T19:15:42.075Z [info] [bots] Joined channel
2026-02-14T19:15:51.996Z [info] [bots] Joined channel
2026-02-14T19:15:51.996Z [info] [bots] Joined channel
2026-02-14T19:15:51.996Z [info] [bots] Joined channel
2026-02-14T19:15:51.996Z [info] [bots] Joined channel
2026-02-14T19:15:51.998Z [info] [bots] Joined channel
2026-02-14T19:15:51.998Z [info] [bots] Joined channel
2026-02-14T19:15:51.998Z [info] [bots] Joined channel
2026-02-14T19:15:51.998Z [info] [bots] Joined channel
2026-02-14T19:15:51.998Z [info] [bots] Joined channel
2026-02-14T19:15:51.998Z [info] [bots] Joined channel
2026-02-14T19:15:51.998Z [info] [bots] Joined channel
2026-02-14T19:15:51.999Z [info] [bots] Joined channel
2026-02-14T19:15:51.999Z [info] [bots] Joined channel
2026-02-14T19:15:51.999Z [info] [bots] Joined channel
2026-02-14T19:15:51.999Z [info] [bots] Joined channel
2026-02-14T19:15:52.000Z [info] [bots] Joined channel
2026-02-14T19:16:20.411Z [info] [bots] Joined channel
2026-02-14T19:16:20.411Z [info] [bots] Joined channel
2026-02-14T19:16:20.411Z [info] [bots] Joined channel
2026-02-14T19:16:20.411Z [info] [bots] Joined channel
2026-02-14T19:16:21.328Z [info] [bots] Joined channel
2026-02-14T19:16:21.328Z [info] [bots] Joined channel
2026-02-14T19:16:21.328Z [info] [bots] Joined channel
2026-02-14T19:16:21.328Z [info] [bots] Joined channel
2026-02-14T19:16:24.925Z [info] [bots] Send attempt
2026-02-14T19:16:24.926Z [info] [bots] Send success
2026-02-14T19:16:25.048Z [info] [bots] Send attempt
2026-02-14T19:16:25.049Z [info] [bots] Send success
2026-02-14T19:16:25.110Z [info] [bots] Send attempt
2026-02-14T19:16:25.110Z [info] [bots] Send success
2026-02-14T19:16:25.264Z [info] [bots] Send attempt
2026-02-14T19:16:25.264Z [info] [bots] Send success
2026-02-14T19:16:25.348Z [info] [bots] Send attempt
2026-02-14T19:16:25.349Z [info] [bots] Send success
2026-02-14T19:16:25.619Z [info] [bots] Send attempt
2026-02-14T19:16:25.619Z [info] [bots] Send success
2026-02-14T19:16:26.146Z [info] [bots] Send attempt
2026-02-14T19:16:26.147Z [info] [bots] Send success
2026-02-14T19:16:26.315Z [info] [bots] Send attempt
2026-02-14T19:16:26.316Z [info] [bots] Send success
2026-02-14T19:16:26.515Z [info] [bots] Send attempt
2026-02-14T19:16:26.515Z [info] [bots] Send success
2026-02-14T19:16:26.762Z [info] [bots] Send attempt
2026-02-14T19:16:26.763Z [info] [bots] Send success
2026-02-14T19:17:02.980Z [info] [bots] Immediate send attempt
2026-02-14T19:17:02.981Z [info] [bots] Immediate send success
2026-02-14T19:17:03.026Z [info] [bots] Immediate send attempt
2026-02-14T19:17:03.026Z [info] [bots] Immediate send success
2026-02-14T19:17:03.580Z [info] [bots] Immediate send attempt
2026-02-14T19:17:03.581Z [info] [bots] Immediate send success
2026-02-14T19:17:03.968Z [info] [bots] Immediate send attempt
2026-02-14T19:17:03.969Z [info] [bots] Immediate send success
2026-02-14T19:17:04.139Z [info] [bots] Immediate send attempt
2026-02-14T19:17:04.139Z [info] [bots] Immediate send success
2026-02-14T19:17:04.339Z [info] [bots] Immediate send attempt
2026-02-14T19:17:04.340Z [info] [bots] Immediate send success
2026-02-14T19:17:04.370Z [info] [bots] Immediate send attempt
2026-02-14T19:17:04.370Z [info] [bots] Immediate send success
2026-02-14T19:17:05.048Z [info] [bots] Immediate send attempt
2026-02-14T19:17:05.049Z [info] [bots] Immediate send success
2026-02-14T19:17:05.049Z [info] [bots] Immediate send attempt
2026-02-14T19:17:05.050Z [info] [bots] Immediate send success
2026-02-14T19:17:05.450Z [info] [bots] Immediate send attempt
2026-02-14T19:17:05.451Z [info] [bots] Immediate send success
2026-02-14T19:17:05.605Z [info] [bots] Immediate send attempt
2026-02-14T19:17:05.605Z [info] [bots] Immediate send success
2026-02-14T19:18:26.283Z [info] [bots] Send attempt
2026-02-14T19:18:26.284Z [info] [bots] Send success
2026-02-14T19:18:26.748Z [info] [bots] Send attempt
2026-02-14T19:18:26.748Z [info] [bots] Send success
2026-02-14T19:18:26.980Z [info] [bots] Send attempt
2026-02-14T19:18:26.980Z [info] [bots] Send success
2026-02-14T19:18:27.413Z [info] [bots] Send attempt
2026-02-14T19:18:27.413Z [info] [bots] Send success
2026-02-14T19:18:27.864Z [info] [bots] Joined channel
2026-02-14T19:18:27.865Z [info] [bots] Joined channel
2026-02-14T19:18:27.865Z [info] [bots] Joined channel
2026-02-14T19:18:27.865Z [info] [bots] Joined channel
2026-02-14T19:18:27.865Z [info] [bots] Joined channel
2026-02-14T19:18:27.865Z [info] [bots] Joined channel
2026-02-14T19:18:27.866Z [info] [bots] Joined channel
2026-02-14T19:18:27.866Z [info] [bots] Joined channel
2026-02-14T19:18:27.866Z [info] [bots] Joined channel
2026-02-14T19:18:27.866Z [info] [bots] Joined channel
2026-02-14T19:18:27.866Z [info] [bots] Send attempt
2026-02-14T19:18:27.867Z [info] [bots] Send success
2026-02-14T19:18:27.919Z [info] [bots] Send attempt
2026-02-14T19:18:27.919Z [info] [bots] Send success
2026-02-14T19:18:28.011Z [info] [bots] Send attempt
2026-02-14T19:18:28.012Z [info] [bots] Send success
2026-02-14T19:18:28.903Z [info] [bots] Send attempt
2026-02-14T19:18:28.904Z [info] [bots] Send success
2026-02-14T19:18:29.178Z [info] [bots] Send attempt
2026-02-14T19:18:29.178Z [info] [bots] Send success
2026-02-14T19:18:29.273Z [info] [bots] Send attempt
2026-02-14T19:18:29.273Z [info] [bots] Send success
2026-02-14T19:18:30.169Z [info] [bots] Send attempt
2026-02-14T19:18:30.169Z [info] [bots] Send success
2026-02-14T19:18:31.202Z [info] [bots] Joined channel
2026-02-14T19:18:31.202Z [info] [bots] Joined channel
2026-02-14T19:18:31.202Z [info] [bots] Joined channel
2026-02-14T19:18:31.203Z [info] [bots] Joined channel
2026-02-14T19:18:31.203Z [info] [bots] Joined channel
2026-02-14T19:18:31.203Z [info] [bots] Joined channel
2026-02-14T19:18:31.203Z [info] [bots] Joined channel
2026-02-14T19:18:31.203Z [info] [bots] Joined channel
2026-02-14T19:18:31.203Z [info] [bots] Joined channel
2026-02-14T19:18:31.203Z [info] [bots] Joined channel
2026-02-14T19:18:36.395Z [info] [bots] Joined channel
2026-02-14T19:18:36.395Z [info] [bots] Joined channel
2026-02-14T19:18:36.395Z [info] [bots] Joined channel
2026-02-14T19:18:36.395Z [info] [bots] Joined channel
2026-02-14T19:18:36.395Z [info] [bots] Joined channel
2026-02-14T19:18:36.395Z [info] [bots] Joined channel
2026-02-14T19:18:36.395Z [info] [bots] Joined channel
2026-02-14T19:18:36.396Z [info] [bots] Joined channel
2026-02-14T19:18:36.396Z [info] [bots] Joined channel
2026-02-14T19:18:36.396Z [info] [bots] Joined channel
2026-02-14T19:18:40.973Z [info] [bots] Joined channel
2026-02-14T19:18:40.974Z [info] [bots] Joined channel
2026-02-14T19:18:40.974Z [info] [bots] Joined channel
2026-02-14T19:18:40.974Z [info] [bots] Joined channel
2026-02-14T19:18:40.974Z [info] [bots] Joined channel
2026-02-14T19:18:40.974Z [info] [bots] Joined channel
2026-02-14T19:18:40.974Z [info] [bots] Joined channel
2026-02-14T19:18:40.974Z [info] [bots] Joined channel
2026-02-14T19:18:40.975Z [info] [bots] Joined channel
2026-02-14T19:18:40.975Z [info] [bots] Joined channel
2026-02-14T19:18:41.412Z [info] [bots] Joined channel
2026-02-14T19:18:41.413Z [info] [bots] Joined channel
2026-02-14T19:18:41.413Z [info] [bots] Joined channel
2026-02-14T19:18:41.413Z [info] [bots] Joined channel
2026-02-14T19:18:41.413Z [info] [bots] Joined channel
2026-02-14T19:18:41.413Z [info] [bots] Joined channel
2026-02-14T19:18:41.414Z [info] [bots] Joined channel
2026-02-14T19:18:41.414Z [info] [bots] Joined channel
2026-02-14T19:18:41.414Z [info] [bots] Joined channel
2026-02-14T19:18:41.414Z [info] [bots] Joined channel
2026-02-14T19:18:46.382Z [info] [bots] Joined channel
2026-02-14T19:18:46.382Z [info] [bots] Joined channel
2026-02-14T19:18:46.382Z [info] [bots] Joined channel
2026-02-14T19:18:46.382Z [info] [bots] Joined channel
2026-02-14T19:18:46.383Z [info] [bots] Joined channel
2026-02-14T19:18:46.383Z [info] [bots] Joined channel
2026-02-14T19:18:46.383Z [info] [bots] Joined channel
2026-02-14T19:18:46.383Z [info] [bots] Joined channel
2026-02-14T19:18:46.383Z [info] [bots] Joined channel
2026-02-14T19:18:46.383Z [info] [bots] Joined channel
2026-02-14T19:18:51.194Z [info] [bots] Joined channel
2026-02-14T19:18:51.195Z [info] [bots] Joined channel
2026-02-14T19:18:51.195Z [info] [bots] Joined channel
2026-02-14T19:18:51.195Z [info] [bots] Joined channel
2026-02-14T19:18:51.195Z [info] [bots] Joined channel
2026-02-14T19:18:51.195Z [info] [bots] Joined channel
2026-02-14T19:18:51.195Z [info] [bots] Joined channel
2026-02-14T19:18:51.196Z [info] [bots] Joined channel
2026-02-14T19:18:51.196Z [info] [bots] Joined channel
2026-02-14T19:18:51.196Z [info] [bots] Joined channel
2026-02-14T19:19:03.165Z [info] [bots] Immediate send attempt
2026-02-14T19:19:03.165Z [info] [bots] Immediate send success
2026-02-14T19:19:03.434Z [warn] [bots] Notice Your message has been held for review by Automod.
2026-02-14T19:19:04.598Z [info] [bots] Immediate send attempt
2026-02-14T19:19:04.599Z [info] [bots] Immediate send success
2026-02-14T19:19:04.799Z [info] [bots] Immediate send attempt
2026-02-14T19:19:04.800Z [info] [bots] Immediate send success
2026-02-14T19:19:04.866Z [warn] [bots] Notice Your message has been held for review by Automod.
2026-02-14T19:19:04.923Z [info] [bots] Immediate send attempt
2026-02-14T19:19:04.924Z [info] [bots] Immediate send success
2026-02-14T19:19:05.043Z [info] [bots] Joined channel
2026-02-14T19:19:05.044Z [info] [bots] Joined channel
2026-02-14T19:19:05.044Z [info] [bots] Joined channel
2026-02-14T19:19:05.044Z [info] [bots] Joined channel
2026-02-14T19:19:05.044Z [info] [bots] Joined channel
2026-02-14T19:19:05.044Z [info] [bots] Joined channel
2026-02-14T19:19:05.045Z [info] [bots] Joined channel
2026-02-14T19:19:05.045Z [info] [bots] Joined channel
2026-02-14T19:19:05.045Z [info] [bots] Joined channel
2026-02-14T19:19:05.045Z [info] [bots] Joined channel
2026-02-14T19:19:05.045Z [info] [bots] Joined channel
2026-02-14T19:19:05.045Z [info] [bots] Joined channel
2026-02-14T19:19:05.046Z [info] [bots] Joined channel
2026-02-14T19:19:05.046Z [info] [bots] Joined channel
2026-02-14T19:19:05.046Z [info] [bots] Joined channel
2026-02-14T19:19:05.046Z [info] [bots] Joined channel
2026-02-14T19:19:05.046Z [info] [bots] Joined channel
2026-02-14T19:19:05.046Z [info] [bots] Joined channel
2026-02-14T19:19:05.046Z [info] [bots] Joined channel
2026-02-14T19:19:05.046Z [info] [bots] Joined channel
2026-02-14T19:19:05.047Z [info] [bots] Joined channel
2026-02-14T19:19:05.047Z [info] [bots] Joined channel
2026-02-14T19:19:05.047Z [info] [bots] Joined channel
2026-02-14T19:19:05.047Z [info] [bots] Joined channel
2026-02-14T19:19:05.047Z [info] [bots] Joined channel
2026-02-14T19:19:05.047Z [info] [bots] Joined channel
2026-02-14T19:19:05.047Z [info] [bots] Joined channel
2026-02-14T19:19:05.048Z [info] [bots] Joined channel
2026-02-14T19:19:05.048Z [info] [bots] Joined channel
2026-02-14T19:19:05.048Z [info] [bots] Joined channel
2026-02-14T19:19:05.048Z [info] [bots] Joined channel
2026-02-14T19:19:05.048Z [info] [bots] Joined channel
2026-02-14T19:19:05.048Z [info] [bots] Joined channel
2026-02-14T19:19:05.048Z [info] [bots] Joined channel
2026-02-14T19:19:05.049Z [info] [bots] Joined channel
2026-02-14T19:19:05.049Z [info] [bots] Joined channel
2026-02-14T19:19:05.049Z [info] [bots] Joined channel
2026-02-14T19:19:05.049Z [info] [bots] Joined channel
2026-02-14T19:19:05.049Z [info] [bots] Joined channel
2026-02-14T19:19:05.049Z [info] [bots] Joined channel
2026-02-14T19:19:05.069Z [warn] [bots] Notice Your message has been held for review by Automod.
2026-02-14T19:19:05.069Z [info] [bots] Immediate send attempt
2026-02-14T19:19:05.069Z [info] [bots] Immediate send success
2026-02-14T19:19:05.191Z [warn] [bots] Notice Your message has been held for review by Automod.
2026-02-14T19:19:05.328Z [warn] [bots] Notice Your message has been held for review by Automod.
2026-02-14T19:19:05.464Z [info] [bots] Immediate send attempt
2026-02-14T19:19:05.464Z [info] [bots] Immediate send success
2026-02-14T19:19:05.556Z [info] [bots] Immediate send attempt
2026-02-14T19:19:05.557Z [info] [bots] Immediate send success
2026-02-14T19:19:05.602Z [info] [bots] Immediate send attempt
2026-02-14T19:19:05.603Z [info] [bots] Immediate send success
2026-02-14T19:19:05.633Z [info] [bots] Immediate send attempt
2026-02-14T19:19:05.634Z [info] [bots] Immediate send success
2026-02-14T19:19:05.722Z [warn] [bots] Notice Your message has been held for review by Automod.
2026-02-14T19:19:05.818Z [info] [bots] Immediate send attempt
2026-02-14T19:19:05.818Z [info] [bots] Immediate send success
2026-02-14T19:19:05.825Z [warn] [bots] Notice Your message has been held for review by Automod.
2026-02-14T19:19:05.863Z [info] [bots] Immediate send attempt
2026-02-14T19:19:05.864Z [info] [bots] Immediate send success
2026-02-14T19:19:05.872Z [warn] [bots] Notice Your message has been held for review by Automod.
2026-02-14T19:19:05.897Z [warn] [bots] Notice Your message has been held for review by Automod.
2026-02-14T19:19:06.084Z [warn] [bots] Notice Your message has been held for review by Automod.
2026-02-14T19:19:06.126Z [warn] [bots] Notice Your message has been held for review by Automod.
2026-02-14T19:19:38.356Z [info] [bots] Immediate send attempt
2026-02-14T19:19:38.357Z [info] [bots] Immediate send success
2026-02-14T19:19:38.756Z [info] [bots] Immediate send attempt
2026-02-14T19:19:38.756Z [info] [bots] Immediate send success
2026-02-14T19:19:39.111Z [info] [bots] Immediate send attempt
2026-02-14T19:19:39.112Z [info] [bots] Immediate send success
2026-02-14T19:19:40.175Z [info] [bots] Immediate send attempt
2026-02-14T19:19:40.176Z [info] [bots] Immediate send success
2026-02-14T19:19:40.841Z [info] [bots] Immediate send attempt
2026-02-14T19:19:40.842Z [info] [bots] Immediate send success
2026-02-14T19:19:40.856Z [info] [bots] Immediate send attempt
2026-02-14T19:19:40.856Z [info] [bots] Immediate send success
2026-02-14T19:19:41.228Z [info] [bots] Immediate send attempt
2026-02-14T19:19:41.228Z [info] [bots] Immediate send success
2026-02-14T19:19:50.737Z [warn] [bots] Disconnected
2026-02-14T19:19:50.739Z [warn] [bots] Disconnected
2026-02-14T19:19:50.739Z [warn] [bots] Disconnected
2026-02-14T19:19:50.740Z [warn] [bots] Disconnected
2026-02-14T19:19:50.741Z [warn] [bots] Disconnected
2026-02-14T19:19:50.741Z [warn] [bots] Disconnected
2026-02-14T19:19:50.742Z [warn] [bots] Disconnected
2026-02-14T19:19:50.743Z [warn] [bots] Disconnected
2026-02-14T19:19:50.743Z [warn] [bots] Disconnected
2026-02-14T19:19:50.744Z [warn] [bots] Disconnected
2026-02-14T19:19:50.745Z [warn] [bots] Disconnected
