2026-02-28T22:55:21.956Z [info] [bots] Creating tmi clie2026-02-28T22:55:39.985Z [info] [bots] Broadcasting custom message to 11 bots with 1-4 sec delays
2026-02-28T22:55:41.844Z [info] [bots] Bot message sent
2026-02-28T22:55:42.472Z [info] [bots] Bot message sent
2026-02-28T22:55:42.501Z [info] [bots] Bot message sent
2026-02-28T22:55:42.860Z [info] [bots] Bot message sent
2026-02-28T22:55:42.909Z [info] [bots] Bot message sent
2026-02-28T22:55:43.499Z [info] [bots] Bot message sent
2026-02-28T22:55:43.548Z [info] [bots] Bot message sent
2026-02-28T22:55:43.680Z [info] [bots] Bot message sent
2026-02-28T22:55:43.890Z [info] [bots] Bot message sent
2026-02-28T22:55:43.892Z [info] [bots] Bot message sent
2026-02-28T22:55:43.894Z [info] [bots] Bot message sent
2026-02-28T22:56:01.588Z [info] [bots] Broadcasting custom message to 11 bots with 1-4 sec delays
2026-02-28T22:56:02.641Z [info] [bots] Bot message sent
2026-02-28T22:56:02.754Z [info] [bots] Bot message sent
2026-02-28T22:56:03.535Z [info] [bots] Bot message sent
2026-02-28T22:56:03.825Z [info] [bots] Bot message sent
2026-02-28T22:56:03.859Z [info] [bots] Bot message sent
2026-02-28T22:56:03.922Z [info] [bots] Bot message sent
2026-02-28T22:56:04.596Z [info] [bots] Bot message sent
2026-02-28T22:56:04.861Z [info] [bots] Bot message sent
2026-02-28T22:56:05.074Z [info] [bots] Bot message sent
2026-02-28T22:56:05.420Z [info] [bots] Bot message sent
2026-02-28T22:56:05.545Z [info] [bots] Bot message sent
2026-02-28T22:56:08.917Z [info] [bots] Broadcasting custom message to 11 bots with 1-4 sec delays
2026-02-28T22:56:10.261Z [info] [bots] Bot message sent
2026-02-28T22:56:10.388Z [info] [bots] Bot message sent
2026-02-28T22:56:10.419Z [info] [bots] Bot message sent
2026-02-28T22:56:10.494Z [info] [bots] Bot message sent
2026-02-28T22:56:11.053Z [info] [bots] Bot message sent
2026-02-28T22:56:11.326Z [info] [bots] Bot message sent
2026-02-28T22:56:11.991Z [info] [bots] Bot message sent
2026-02-28T22:56:12.107Z [info] [bots] Bot message sent
2026-02-28T22:56:12.126Z [info] [bots] Bot message sent
2026-02-28T22:56:12.674Z [info] [bots] Bot message sent
2026-02-28T22:56:12.827Z [info] [bots] Bot message sent
2026-02-28T22:56:19.021Z [info] [bots] Broadcasting custom message to 11 bots with 1-4 sec delays
2026-02-28T22:56:20.397Z [info] [bots] Bot message sent
2026-02-28T22:56:20.533Z [info] [bots] Bot message sent
2026-02-28T22:56:20.577Z [info] [bots] Bot message sent
2026-02-28T22:56:20.766Z [info] [bots] Bot message sent
2026-02-28T22:56:21.011Z [info] [bots] Bot message sent
2026-02-28T22:56:21.051Z [info] [bots] Bot message sent
2026-02-28T22:56:21.240Z [info] [bots] Bot message sent
2026-02-28T22:56:21.530Z [info] [bots] Bot message sent
2026-02-28T22:56:21.834Z [info] [bots] Bot message sent
2026-02-28T22:56:22.236Z [info] [bots] Bot message sent
2026-02-28T22:56:22.892Z [info] [bots] Bot message sent
2026-02-28T22:56:27.656Z [info] [bots] Broadcasting custom message to 11 bots with 1-4 sec delays
2026-02-28T22:56:28.739Z [info] [bots] Bot message sent
2026-02-28T22:56:29.036Z [info] [bots] Bot message sent
2026-02-28T22:56:29.062Z [info] [bots] Bot message sent
2026-02-28T22:56:29.101Z [info] [bots] Bot message sent
2026-02-28T22:56:29.333Z [info] [bots] Bot message sent
2026-02-28T22:56:29.602Z [info] [bots] Bot message sent
2026-02-28T22:56:29.639Z [info] [bots] Bot message sent
2026-02-28T22:56:29.700Z [info] [bots] Bot message sent
2026-02-28T22:56:30.109Z [info] [bots] Bot message sent
2026-02-28T22:56:30.727Z [info] [bots] Bot message sent
2026-02-28T22:56:31.428Z [info] [bots] Bot message sent
2026-02-28T22:56:51.341Z [info] [bots] Broadcasting custom message to 11 bots with 1-4 sec delays
2026-02-28T22:56:52.559Z [info] [bots] Bot message sent
2026-02-28T22:56:52.713Z [info] [bots] Bot message sent
2026-02-28T22:56:52.981Z [info] [bots] Bot message sent
2026-02-28T22:56:53.672Z [info] [bots] Bot message sent
2026-02-28T22:56:53.752Z [info] [bots] Bot message sent
2026-02-28T22:56:53.939Z [info] [bots] Bot message sent
2026-02-28T22:56:54.061Z [info] [bots] Bot message sent
2026-02-28T22:56:54.093Z [info] [bots] Bot message sent
2026-02-28T22:56:54.346Z [info] [bots] Bot message sent
2026-02-28T22:56:54.827Z [info] [bots] Bot message sent
2026-02-28T22:56:55.290Z [info] [bots] Bot message sent
2026-02-28T22:57:19.612Z [info] [bots] Broadcasting custom message to 11 bots with 1-4 sec delays
2026-02-28T22:57:20.621Z [info] [bots] Bot message sent
2026-02-28T22:57:21.169Z [info] [bots] Bot message sent
2026-02-28T22:57:21.266Z [info] [bots] Bot message sent
2026-02-28T22:57:21.467Z [info] [bots] Bot message sent
2026-02-28T22:57:21.848Z [info] [bots] Bot message sent
2026-02-28T22:57:21.894Z [info] [bots] Bot message sent
2026-02-28T22:57:22.320Z [info] [bots] Bot message sent
2026-02-28T22:57:22.835Z [info] [bots] Bot message sent
2026-02-28T22:57:23.248Z [info] [bots] Broadcasting custom message to 11 bots with 1-4 sec delays
2026-02-28T22:57:23.381Z [info] [bots] Bot message sent
2026-02-28T22:57:23.417Z [info] [bots] Bot message sent
2026-02-28T22:57:23.425Z [info] [bots] Bot message sent
2026-02-28T22:57:24.320Z [info] [bots] Bot message sent
2026-02-28T22:57:24.627Z [info] [bots] Bot message sent
2026-02-28T22:57:24.713Z [info] [bots] Bot message sent
2026-02-28T22:57:24.840Z [info] [bots] Bot message sent
2026-02-28T22:57:25.278Z [info] [bots] Bot message sent
2026-02-28T22:57:25.398Z [info] [bots] Bot message sent
2026-02-28T22:57:25.979Z [info] [bots] Bot message sent
2026-02-28T22:57:26.058Z [info] [bots] Bot message sent
2026-02-28T22:57:26.634Z [info] [bots] Bot message sent
2026-02-28T22:57:26.954Z [info] [bots] Bot message sent
2026-02-28T22:57:27.182Z [info] [bots] Bot message sent
2026-02-28T22:57:29.587Z [info] [bots] Broadcasting custom message to 11 bots with 1-4 sec delays
2026-02-28T22:57:30.865Z [info] [bots] Bot message sent
2026-02-28T22:57:30.971Z [info] [bots] Bot message sent
2026-02-28T22:57:31.252Z [info] [bots] Bot message sent
2026-02-28T22:57:31.650Z [info] [bots] Bot message sent
2026-02-28T22:57:31.664Z [info] [bots] Bot message sent
2026-02-28T22:57:31.718Z [info] [bots] Bot message sent
2026-02-28T22:57:31.892Z [info] [bots] Bot message sent
2026-02-28T22:57:31.966Z [info] [bots] Bot message sent
2026-02-28T22:57:31.967Z [info] [bots] Bot message sent
2026-02-28T22:57:32.057Z [info] [bots] Bot message sent
2026-02-28T22:57:32.374Z [info] [bots] Bot message sent
2026-02-28T22:57:37.603Z [info] [bots] Broadcasting custom message to 11 bots with 1-4 sec delays
2026-02-28T22:57:38.688Z [info] [bots] Bot message sent
2026-02-28T22:57:38.703Z [info] [bots] Bot message sent
2026-02-28T22:57:39.677Z [info] [bots] Bot message sent
2026-02-28T22:57:39.824Z [info] [bots] Bot message sent
2026-02-28T22:57:39.977Z [info] [bots] Bot message sent
2026-02-28T22:57:40.161Z [info] [bots] Bot message sent
2026-02-28T22:57:40.325Z [info] [bots] Bot message sent
2026-02-28T22:57:40.990Z [info] [bots] Bot message sent
2026-02-28T22:57:41.201Z [info] [bots] Bot message sent
2026-02-28T22:57:41.382Z [info] [bots] Bot message sent
2026-02-28T22:57:41.518Z [info] [bots] Bot message sent
info] [bots] Creating tmi client
2026-02-28T22:55:58.772Z [info] [bots] Connecting to channel
2026-02-28T22:55:58.772Z [info] [bots] Creating tmi client
2026-02-28T22:55:58.772Z [info] [bots] Connecting to channel
2026-02-28T22:55:58.962Z [warn] [bots] Disconnected
2026-02-28T22:55:58.964Z [warn] [bots] Disconnected
2026-02-28T22:55:58.966Z [warn] [bots] Disconnected
2026-02-28T22:55:58.968Z [warn] [bots] Disconnected
2026-02-28T22:55:58.969Z [warn] [bots] Disconnected
2026-02-28T22:55:58.970Z [warn] [bots] Disconnected
2026-02-28T22:55:58.971Z [warn] [bots] Disconnected
2026-02-28T22:55:58.971Z [warn] [bots] Disconnected
2026-02-28T22:55:58.972Z [warn] [bots] Disconnected
2026-02-28T22:55:58.973Z [warn] [bots] Disconnected
2026-02-28T22:55:59.730Z [info] [bots] Logon
2026-02-28T22:55:59.741Z [info] [bots] Logon
2026-02-28T22:55:59.747Z [info] [bots] Logon
2026-02-28T22:55:59.751Z [info] [bots] Logon
2026-02-28T22:55:59.752Z [info] [bots] Logon
2026-02-28T22:55:59.753Z [info] [bots] Logon
2026-02-28T22:55:59.764Z [info] [bots] Logon
2026-02-28T22:55:59.772Z [info] [bots] Logon
2026-02-28T22:55:59.772Z [info] [bots] Logon
2026-02-28T22:55:59.773Z [info] [bots] Logon
2026-02-28T22:55:59.937Z [info] [bots] Connected
2026-02-28T22:55:59.974Z [info] [bots] Connected
2026-02-28T22:55:59.976Z [info] [bots] Connected
2026-02-28T22:55:59.978Z [info] [bots] Connected
2026-02-28T22:55:59.981Z [info] [bots] Connected
2026-02-28T22:55:59.983Z [info] [bots] Connected
2026-02-28T22:55:59.986Z [info] [bots] Connected
2026-02-28T22:55:59.989Z [info] [bots] Connected
2026-02-28T22:55:59.991Z [info] [bots] Connected
2026-02-28T22:55:59.993Z [info] [bots] Connected
2026-02-28T22:56:00.221Z [info] [bots] Joined channel
2026-02-28T22:56:00.222Z [info] [bots] Joined channel
2026-02-28T22:56:00.226Z [info] [bots] Joined channel
2026-02-28T22:56:00.228Z [info] [bots] Joined channel
2026-02-28T22:56:00.231Z [info] [bots] Joined channel
2026-02-28T22:56:00.233Z [info] [bots] Joined channel
2026-02-28T22:56:00.233Z [info] [bots] Joined channel
2026-02-28T22:56:00.234Z [info] [bots] Joined channel
2026-02-28T22:56:00.235Z [info] [bots] Joined channel
2026-02-28T22:56:00.236Z [info] [bots] Joined channel
2026-02-28T22:56:02.640Z [info] [bots] Immediate send attempt
2026-02-28T22:56:02.641Z [info] [bots] Immediate send success
2026-02-28T22:56:02.753Z [info] [bots] Immediate send attempt
2026-02-28T22:56:02.754Z [info] [bots] Immediate send success
2026-02-28T22:56:03.009Z [info] [bots] Creating tmi client
2026-02-28T22:56:03.009Z [info] [bots] Connecting to channel
2026-02-28T22:56:03.213Z [warn] [bots] Disconnected
2026-02-28T22:56:03.534Z [info] [bots] Immediate send attempt
2026-02-28T22:56:03.535Z [info] [bots] Immediate send success
2026-02-28T22:56:03.825Z [info] [bots] Immediate send attempt
2026-02-28T22:56:03.825Z [info] [bots] Immediate send success
2026-02-28T22:56:03.855Z [info] [bots] Immediate send attempt
2026-02-28T22:56:03.856Z [info] [bots] Immediate send success
2026-02-28T22:56:03.921Z [info] [bots] Immediate send attempt
2026-02-28T22:56:03.922Z [info] [bots] Immediate send success
2026-02-28T22:56:04.059Z [info] [bots] Logon
2026-02-28T22:56:04.288Z [info] [bots] Connected
2026-02-28T22:56:04.512Z [info] [bots] Joined channel
2026-02-28T22:56:04.594Z [info] [bots] Immediate send attempt
2026-02-28T22:56:04.596Z [info] [bots] Immediate send success
2026-02-28T22:56:04.860Z [info] [bots] Immediate send attempt
2026-02-28T22:56:04.861Z [info] [bots] Immediate send success
2026-02-28T22:56:05.067Z [info] [bots] Immediate send attempt
2026-02-28T22:56:05.069Z [info] [bots] Immediate send success
2026-02-28T22:56:05.418Z [info] [bots] Immediate send attempt
2026-02-28T22:56:05.420Z [info] [bots] Immediate send success
2026-02-28T22:56:05.446Z [info] [bots] Joined channel
2026-02-28T22:56:05.451Z [info] [bots] Joined channel
2026-02-28T22:56:05.455Z [info] [bots] Joined channel
2026-02-28T22:56:05.456Z [info] [bots] Joined channel
2026-02-28T22:56:05.456Z [info] [bots] Joined channel
2026-02-28T22:56:05.456Z [info] [bots] Joined channel
2026-02-28T22:56:05.543Z [info] [bots] Immediate send attempt
2026-02-28T22:56:05.544Z [info] [bots] Immediate send success
2026-02-28T22:56:08.795Z [info] [bots] Joined channel
2026-02-28T22:56:08.796Z [info] [bots] Joined channel
2026-02-28T22:56:08.796Z [info] [bots] Joined channel
2026-02-28T22:56:08.796Z [info] [bots] Joined channel
2026-02-28T22:56:08.797Z [info] [bots] Joined channel
2026-02-28T22:56:08.797Z [info] [bots] Joined channel
2026-02-28T22:56:10.260Z [info] [bots] Immediate send attempt
2026-02-28T22:56:10.260Z [info] [bots] Immediate send success
2026-02-28T22:56:10.387Z [info] [bots] Immediate send attempt
2026-02-28T22:56:10.387Z [info] [bots] Immediate send success
2026-02-28T22:56:10.417Z [info] [bots] Immediate send attempt
2026-02-28T22:56:10.418Z [info] [bots] Immediate send success
2026-02-28T22:56:10.492Z [info] [bots] Immediate send attempt
2026-02-28T22:56:10.494Z [info] [bots] Immediate send success
2026-02-28T22:56:10.544Z [warn] [bots] Notice Your message was not sent because it is identical to the previous one you sent, less than 30 seconds ago.
2026-02-28T22:56:10.652Z [warn] [bots] Notice Your message was not sent because it is identical to the previous one you sent, less than 30 seconds ago.
2026-02-28T22:56:10.710Z [warn] [bots] Notice Your message was not sent because it is identical to the previous one you sent, less than 30 seconds ago.
2026-02-28T22:56:10.765Z [warn] [bots] Notice Your message was not sent because it is identical to the previous one you sent, less than 30 seconds ago.
2026-02-28T22:56:11.047Z [info] [bots] Immediate send attempt
2026-02-28T22:56:11.052Z [info] [bots] Immediate send success
2026-02-28T22:56:11.325Z [info] [bots] Immediate send attempt
2026-02-28T22:56:11.326Z [info] [bots] Immediate send success
2026-02-28T22:56:11.345Z [warn] [bots] Notice Your message was not sent because it is identical to the previous one you sent, less than 30 seconds ago.
2026-02-28T22:56:11.608Z [warn] [bots] Notice Your message was not sent because it is identical to the previous one you sent, less than 30 seconds ago.
2026-02-28T22:56:11.990Z [info] [bots] Immediate send attempt
2026-02-28T22:56:11.990Z [info] [bots] Immediate send success
2026-02-28T22:56:12.093Z [info] [bots] Immediate send attempt
2026-02-28T22:56:12.095Z [info] [bots] Immediate send success
2026-02-28T22:56:12.124Z [info] [bots] Immediate send attempt
2026-02-28T22:56:12.124Z [info] [bots] Immediate send success
2026-02-28T22:56:12.282Z [warn] [bots] Notice Your message was not sent because it is identical to the previous one you sent, less than 30 seconds ago.
2026-02-28T22:56:12.361Z [warn] [bots] Notice Your message was not sent because it is identical to the previous one you sent, less than 30 seconds ago.
2026-02-28T22:56:12.434Z [warn] [bots] Notice Your message was not sent because it is identical to the previous one you sent, less than 30 seconds ago.
2026-02-28T22:56:12.671Z [info] [bots] Immediate send attempt
2026-02-28T22:56:12.672Z [info] [bots] Immediate send success
2026-02-28T22:56:12.823Z [info] [bots] Immediate send attempt
2026-02-28T22:56:12.824Z [info] [bots] Immediate send success
2026-02-28T22:56:12.932Z [warn] [bots] Notice Your message was not sent because it is identical to the previous one you sent, less than 30 seconds ago.
2026-02-28T22:56:13.129Z [warn] [bots] Notice Your message was not sent because it is identical to the previous one you sent, less than 30 seconds ago.
2026-02-28T22:56:20.396Z [info] [bots] Immediate send attempt
2026-02-28T22:56:20.397Z [info] [bots] Immediate send success
2026-02-28T22:56:20.486Z [info] [bots] Joined channel
2026-02-28T22:56:20.487Z [info] [bots] Joined channel
2026-02-28T22:56:20.487Z [info] [bots] Joined channel
2026-02-28T22:56:20.487Z [info] [bots] Joined channel
2026-02-28T22:56:20.487Z [info] [bots] Joined channel
2026-02-28T22:56:20.488Z [info] [bots] Joined channel
2026-02-28T22:56:20.530Z [info] [bots] Immediate send attempt
2026-02-28T22:56:20.533Z [info] [bots] Immediate send success
2026-02-28T22:56:20.576Z [info] [bots] Immediate send attempt
2026-02-28T22:56:20.577Z [info] [bots] Immediate send success
2026-02-28T22:56:20.686Z [warn] [bots] Notice Your message was not sent because it is identical to the previous one you sent, less than 30 seconds ago.
2026-02-28T22:56:20.764Z [info] [bots] Immediate send attempt
2026-02-28T22:56:20.766Z [info] [bots] Immediate send success
2026-02-28T22:56:20.815Z [warn] [bots] Notice Your message was not sent because it is identical to the previous one you sent, less than 30 seconds ago.
2026-02-28T22:56:20.858Z [warn] [bots] Notice Your message was not sent because it is identical to the previous one you sent, less than 30 seconds ago.
2026-02-28T22:56:21.010Z [info] [bots] Immediate send attempt
2026-02-28T22:56:21.010Z [info] [bots] Immediate send success
2026-02-28T22:56:21.040Z [warn] [bots] Notice Your message was not sent because it is identical to the previous one you sent, less than 30 seconds ago.
2026-02-28T22:56:21.050Z [info] [bots] Immediate send attempt
2026-02-28T22:56:21.051Z [info] [bots] Immediate send success
2026-02-28T22:56:21.239Z [info] [bots] Immediate send attempt
2026-02-28T22:56:21.240Z [info] [bots] Immediate send success
2026-02-28T22:56:21.279Z [warn] [bots] Notice Your message was not sent because it is identical to the previous one you sent, less than 30 seconds ago.
2026-02-28T22:56:21.312Z [warn] [bots] Notice Your message was not sent because it is identical to the previous one you sent, less than 30 seconds ago.
2026-02-28T22:56:21.514Z [warn] [bots] Notice Your message was not sent because it is identical to the previous one you sent, less than 30 seconds ago.
2026-02-28T22:56:21.523Z [info] [bots] Immediate send attempt
2026-02-28T22:56:21.524Z [info] [bots] Immediate send success
2026-02-28T22:56:21.833Z [info] [bots] Immediate send attempt
2026-02-28T22:56:21.834Z [info] [bots] Immediate send success
2026-02-28T22:56:21.835Z [warn] [bots] Notice Your message was not sent because it is identical to the previous one you sent, less than 30 seconds ago.
2026-02-28T22:56:22.166Z [warn] [bots] Notice Your message was not sent because it is identical to the previous one you sent, less than 30 seconds ago.
2026-02-28T22:56:22.234Z [info] [bots] Immediate send attempt
2026-02-28T22:56:22.235Z [info] [bots] Immediate send success
2026-02-28T22:56:22.538Z [warn] [bots] Notice Your message was not sent because it is identical to the previous one you sent, less than 30 seconds ago.
2026-02-28T22:56:22.890Z [info] [bots] Immediate send attempt
2026-02-28T22:56:22.892Z [info] [bots] Immediate send success
2026-02-28T22:56:23.217Z [warn] [bots] Notice Your message was not sent because it is identical to the previous one you sent, less than 30 seconds ago.
2026-02-28T22:56:28.738Z [info] [bots] Immediate send attempt
2026-02-28T22:56:28.739Z [info] [bots] Immediate send success
2026-02-28T22:56:28.752Z [info] [bots] Joined channel
2026-02-28T22:56:28.753Z [info] [bots] Joined channel
2026-02-28T22:56:28.753Z [info] [bots] Joined channel
2026-02-28T22:56:28.753Z [info] [bots] Joined channel
2026-02-28T22:56:28.754Z [info] [bots] Joined channel
2026-02-28T22:56:28.754Z [info] [bots] Joined channel
2026-02-28T22:56:29.013Z [warn] [bots] Notice Your message was not sent because it is identical to the previous one you sent, less than 30 seconds ago.
2026-02-28T22:56:29.034Z [info] [bots] Immediate send attempt
2026-02-28T22:56:29.035Z [info] [bots] Immediate send success
2026-02-28T22:56:29.061Z [info] [bots] Immediate send attempt
2026-02-28T22:56:29.062Z [info] [bots] Immediate send success
2026-02-28T22:56:29.101Z [info] [bots] Immediate send attempt
2026-02-28T22:56:29.101Z [info] [bots] Immediate send success
2026-02-28T22:56:29.298Z [warn] [bots] Notice Your message was not sent because it is identical to the previous one you sent, less than 30 seconds ago.
2026-02-28T22:56:29.331Z [warn] [bots] Notice Your message was not sent because it is identical to the previous one you sent, less than 30 seconds ago.
2026-02-28T22:56:29.332Z [info] [bots] Immediate send attempt
2026-02-28T22:56:29.332Z [info] [bots] Immediate send success
2026-02-28T22:56:29.356Z [warn] [bots] Notice Your message was not sent because it is identical to the previous one you sent, less than 30 seconds ago.
2026-02-28T22:56:29.602Z [info] [bots] Immediate send attempt
2026-02-28T22:56:29.602Z [info] [bots] Immediate send success
2026-02-28T22:56:29.628Z [warn] [bots] Notice Your message was not sent because it is identical to the previous one you sent, less than 30 seconds ago.
2026-02-28T22:56:29.639Z [info] [bots] Immediate send attempt
2026-02-28T22:56:29.639Z [info] [bots] Immediate send success
2026-02-28T22:56:29.699Z [info] [bots] Immediate send attempt
2026-02-28T22:56:29.699Z [info] [bots] Immediate send success
2026-02-28T22:56:29.865Z [warn] [bots] Notice Your message was not sent because it is identical to the previous one you sent, less than 30 seconds ago.
2026-02-28T22:56:29.913Z [warn] [bots] Notice Your message was not sent because it is identical to the previous one you sent, less than 30 seconds ago.
2026-02-28T22:56:29.970Z [warn] [bots] Notice Your message was not sent because it is identical to the previous one you sent, less than 30 seconds ago.
2026-02-28T22:56:30.107Z [info] [bots] Immediate send attempt
2026-02-28T22:56:30.109Z [info] [bots] Immediate send success
2026-02-28T22:56:30.387Z [warn] [bots] Notice Your message was not sent because it is identical to the previous one you sent, less than 30 seconds ago.
2026-02-28T22:56:30.725Z [info] [bots] Immediate send attempt
2026-02-28T22:56:30.726Z [info] [bots] Immediate send success
2026-02-28T22:56:31.018Z [warn] [bots] Notice Your message was not sent because it is identical to the previous one you sent, less than 30 seconds ago.
2026-02-28T22:56:31.428Z [info] [bots] Immediate send attempt
2026-02-28T22:56:31.428Z [info] [bots] Immediate send success
2026-02-28T22:56:31.685Z [warn] [bots] Notice Your message was not sent because it is identical to the previous one you sent, less than 30 seconds ago.
2026-02-28T22:56:32.385Z [info] [bots] Joined channel
2026-02-28T22:56:32.385Z [info] [bots] Joined channel
2026-02-28T22:56:32.385Z [info] [bots] Joined channel
2026-02-28T22:56:32.386Z [info] [bots] Joined channel
2026-02-28T22:56:32.386Z [info] [bots] Joined channel
2026-02-28T22:56:32.386Z [info] [bots] Joined channel
2026-02-28T22:56:39.771Z [info] [bots] Joined channel
2026-02-28T22:56:39.771Z [info] [bots] Joined channel
2026-02-28T22:56:39.771Z [info] [bots] Joined channel
2026-02-28T22:56:39.772Z [info] [bots] Joined channel
2026-02-28T22:56:39.772Z [info] [bots] Joined channel
2026-02-28T22:56:39.772Z [info] [bots] Joined channel
2026-02-28T22:56:39.775Z [info] [bots] Joined channel
2026-02-28T22:56:39.775Z [info] [bots] Joined channel
2026-02-28T22:56:39.775Z [info] [bots] Joined channel
2026-02-28T22:56:39.775Z [info] [bots] Joined channel
2026-02-28T22:56:39.775Z [info] [bots] Joined channel
2026-02-28T22:56:39.775Z [info] [bots] Joined channel
2026-02-28T22:56:43.888Z [info] [bots] Joined channel
2026-02-28T22:56:43.888Z [info] [bots] Joined channel
2026-02-28T22:56:43.889Z [info] [bots] Joined channel
2026-02-28T22:56:43.889Z [info] [bots] Joined channel
2026-02-28T22:56:43.889Z [info] [bots] Joined channel
2026-02-28T22:56:46.433Z [info] [bots] Joined channel
2026-02-28T22:56:46.434Z [info] [bots] Joined channel
2026-02-28T22:56:46.434Z [info] [bots] Joined channel
2026-02-28T22:56:46.434Z [info] [bots] Joined channel
2026-02-28T22:56:46.434Z [info] [bots] Joined channel
2026-02-28T22:56:46.434Z [info] [bots] Joined channel
2026-02-28T22:56:50.642Z [info] [bots] Joined channel
2026-02-28T22:56:50.642Z [info] [bots] Joined channel
2026-02-28T22:56:50.642Z [info] [bots] Joined channel
2026-02-28T22:56:50.642Z [info] [bots] Joined channel
2026-02-28T22:56:50.643Z [info] [bots] Joined channel
2026-02-28T22:56:50.643Z [info] [bots] Joined channel
2026-02-28T22:56:52.559Z [info] [bots] Immediate send attempt
2026-02-28T22:56:52.559Z [info] [bots] Immediate send success
2026-02-28T22:56:52.712Z [info] [bots] Immediate send attempt
2026-02-28T22:56:52.713Z [info] [bots] Immediate send success
2026-02-28T22:56:52.980Z [info] [bots] Immediate send attempt
2026-02-28T22:56:52.981Z [info] [bots] Immediate send success
2026-02-28T22:56:53.671Z [info] [bots] Immediate send attempt
2026-02-28T22:56:53.672Z [info] [bots] Immediate send success
2026-02-28T22:56:53.740Z [info] [bots] Immediate send attempt
2026-02-28T22:56:53.741Z [info] [bots] Immediate send success
2026-02-28T22:56:53.900Z [info] [bots] Immediate send attempt
2026-02-28T22:56:53.901Z [info] [bots] Immediate send success
2026-02-28T22:56:54.053Z [info] [bots] Immediate send attempt
2026-02-28T22:56:54.054Z [info] [bots] Immediate send success
2026-02-28T22:56:54.090Z [info] [bots] Immediate send attempt
2026-02-28T22:56:54.092Z [info] [bots] Immediate send success
2026-02-28T22:56:54.340Z [info] [bots] Immediate send attempt
2026-02-28T22:56:54.344Z [info] [bots] Immediate send success
2026-02-28T22:56:54.827Z [info] [bots] Immediate send attempt
2026-02-28T22:56:54.827Z [info] [bots] Immediate send success
2026-02-28T22:56:55.289Z [info] [bots] Immediate send attempt
2026-02-28T22:56:55.289Z [info] [bots] Immediate send success
2026-02-28T22:56:57.376Z [info] [bots] Joined channel
2026-02-28T22:56:57.376Z [info] [bots] Joined channel
2026-02-28T22:56:57.376Z [info] [bots] Joined channel
2026-02-28T22:56:57.376Z [info] [bots] Joined channel
2026-02-28T22:56:57.376Z [info] [bots] Joined channel
2026-02-28T22:56:57.376Z [info] [bots] Joined channel
2026-02-28T22:57:20.621Z [info] [bots] Immediate send attempt
2026-02-28T22:57:20.621Z [info] [bots] Immediate send success
2026-02-28T22:57:21.168Z [info] [bots] Immediate send attempt
2026-02-28T22:57:21.169Z [info] [bots] Immediate send success
2026-02-28T22:57:21.266Z [info] [bots] Immediate send attempt
2026-02-28T22:57:21.266Z [info] [bots] Immediate send success
2026-02-28T22:57:21.467Z [info] [bots] Immediate send attempt
2026-02-28T22:57:21.467Z [info] [bots] Immediate send success
2026-02-28T22:57:21.847Z [info] [bots] Immediate send attempt
2026-02-28T22:57:21.848Z [info] [bots] Immediate send success
2026-02-28T22:57:21.893Z [info] [bots] Immediate send attempt
2026-02-28T22:57:21.894Z [info] [bots] Immediate send success
2026-02-28T22:57:22.319Z [info] [bots] Immediate send attempt
2026-02-28T22:57:22.320Z [info] [bots] Immediate send success
2026-02-28T22:57:22.823Z [info] [bots] Immediate send attempt
2026-02-28T22:57:22.831Z [info] [bots] Immediate send success
2026-02-28T22:57:23.379Z [info] [bots] Immediate send attempt
2026-02-28T22:57:23.380Z [info] [bots] Immediate send success
2026-02-28T22:57:23.405Z [info] [bots] Immediate send attempt
2026-02-28T22:57:23.411Z [info] [bots] Immediate send success
2026-02-28T22:57:23.418Z [info] [bots] Immediate send attempt
2026-02-28T22:57:23.418Z [info] [bots] Immediate send success
2026-02-28T22:57:24.319Z [info] [bots] Immediate send attempt
2026-02-28T22:57:24.320Z [info] [bots] Immediate send success
2026-02-28T22:57:24.627Z [info] [bots] Immediate send attempt
2026-02-28T22:57:24.627Z [info] [bots] Immediate send success
2026-02-28T22:57:24.713Z [info] [bots] Immediate send attempt
2026-02-28T22:57:24.713Z [info] [bots] Immediate send success
2026-02-28T22:57:24.839Z [info] [bots] Immediate send attempt
2026-02-28T22:57:24.839Z [info] [bots] Immediate send success
2026-02-28T22:57:25.277Z [info] [bots] Immediate send attempt
2026-02-28T22:57:25.278Z [info] [bots] Immediate send success
2026-02-28T22:57:25.397Z [info] [bots] Immediate send attempt
2026-02-28T22:57:25.398Z [info] [bots] Immediate send success
2026-02-28T22:57:25.978Z [info] [bots] Immediate send attempt
2026-02-28T22:57:25.979Z [info] [bots] Immediate send success
2026-02-28T22:57:26.058Z [info] [bots] Immediate send attempt
2026-02-28T22:57:26.058Z [info] [bots] Immediate send success
2026-02-28T22:57:26.633Z [info] [bots] Immediate send attempt
2026-02-28T22:57:26.634Z [info] [bots] Immediate send success
2026-02-28T22:57:26.953Z [info] [bots] Immediate send attempt
2026-02-28T22:57:26.954Z [info] [bots] Immediate send success
2026-02-28T22:57:27.181Z [info] [bots] Immediate send attempt
2026-02-28T22:57:27.182Z [info] [bots] Immediate send success
2026-02-28T22:57:30.865Z [info] [bots] Immediate send attempt
2026-02-28T22:57:30.865Z [info] [bots] Immediate send success
2026-02-28T22:57:30.971Z [info] [bots] Immediate send attempt
2026-02-28T22:57:30.971Z [info] [bots] Immediate send success
2026-02-28T22:57:31.252Z [info] [bots] Immediate send attempt
2026-02-28T22:57:31.252Z [info] [bots] Immediate send success
2026-02-28T22:57:31.648Z [info] [bots] Immediate send attempt
2026-02-28T22:57:31.650Z [info] [bots] Immediate send success
2026-02-28T22:57:31.663Z [info] [bots] Immediate send attempt
2026-02-28T22:57:31.664Z [info] [bots] Immediate send success
2026-02-28T22:57:31.708Z [info] [bots] Immediate send attempt
2026-02-28T22:57:31.714Z [info] [bots] Immediate send success
2026-02-28T22:57:31.891Z [info] [bots] Immediate send attempt
2026-02-28T22:57:31.892Z [info] [bots] Immediate send success
2026-02-28T22:57:31.965Z [info] [bots] Immediate send attempt
2026-02-28T22:57:31.966Z [info] [bots] Immediate send success
2026-02-28T22:57:31.966Z [info] [bots] Immediate send attempt
2026-02-28T22:57:31.966Z [info] [bots] Immediate send success
2026-02-28T22:57:32.056Z [info] [bots] Immediate send attempt
2026-02-28T22:57:32.056Z [info] [bots] Immediate send success
2026-02-28T22:57:32.373Z [info] [bots] Immediate send attempt
2026-02-28T22:57:32.374Z [info] [bots] Immediate send success
2026-02-28T22:57:35.314Z [info] [bots] Joined channel
2026-02-28T22:57:35.315Z [info] [bots] Joined channel
2026-02-28T22:57:35.315Z [info] [bots] Joined channel
2026-02-28T22:57:35.315Z [info] [bots] Joined channel
2026-02-28T22:57:35.315Z [info] [bots] Joined channel
2026-02-28T22:57:35.316Z [info] [bots] Joined channel
2026-02-28T22:57:35.316Z [info] [bots] Joined channel
2026-02-28T22:57:36.436Z [info] [bots] Joined channel
2026-02-28T22:57:36.436Z [info] [bots] Joined channel
2026-02-28T22:57:36.436Z [info] [bots] Joined channel
2026-02-28T22:57:36.436Z [info] [bots] Joined channel
2026-02-28T22:57:36.437Z [info] [bots] Joined channel
2026-02-28T22:57:36.437Z [info] [bots] Joined channel
2026-02-28T22:57:36.437Z [info] [bots] Joined channel
2026-02-28T22:57:38.687Z [info] [bots] Immediate send attempt
2026-02-28T22:57:38.687Z [info] [bots] Immediate send success
2026-02-28T22:57:38.702Z [info] [bots] Immediate send attempt
2026-02-28T22:57:38.703Z [info] [bots] Immediate send success
2026-02-28T22:57:39.036Z [info] [bots] Joined channel
2026-02-28T22:57:39.039Z [info] [bots] Joined channel
2026-02-28T22:57:39.043Z [info] [bots] Joined channel
2026-02-28T22:57:39.044Z [info] [bots] Joined channel
2026-02-28T22:57:39.044Z [info] [bots] Joined channel
2026-02-28T22:57:39.044Z [info] [bots] Joined channel
2026-02-28T22:57:39.044Z [info] [bots] Joined channel
2026-02-28T22:57:39.045Z [info] [bots] Joined channel
2026-02-28T22:57:39.046Z [info] [bots] Joined channel
2026-02-28T22:57:39.046Z [info] [bots] Joined channel
2026-02-28T22:57:39.046Z [info] [bots] Joined channel
2026-02-28T22:57:39.049Z [info] [bots] Joined channel
2026-02-28T22:57:39.050Z [info] [bots] Joined channel
2026-02-28T22:57:39.050Z [info] [bots] Joined channel
2026-02-28T22:57:39.050Z [info] [bots] Joined channel
2026-02-28T22:57:39.673Z [info] [bots] Immediate send attempt
2026-02-28T22:57:39.677Z [info] [bots] Immediate send success
2026-02-28T22:57:39.823Z [info] [bots] Immediate send attempt
2026-02-28T22:57:39.824Z [info] [bots] Immediate send success
2026-02-28T22:57:39.975Z [info] [bots] Immediate send attempt
2026-02-28T22:57:39.976Z [info] [bots] Immediate send success
2026-02-28T22:57:40.160Z [info] [bots] Immediate send attempt
2026-02-28T22:57:40.161Z [info] [bots] Immediate send success
2026-02-28T22:57:40.321Z [info] [bots] Immediate send attempt
2026-02-28T22:57:40.325Z [info] [bots] Immediate send success
2026-02-28T22:57:40.989Z [info] [bots] Immediate send attempt
2026-02-28T22:57:40.989Z [info] [bots] Immediate send success
2026-02-28T22:57:41.200Z [info] [bots] Immediate send attempt
2026-02-28T22:57:41.201Z [info] [bots] Immediate send success
2026-02-28T22:57:41.381Z [info] [bots] Immediate send attempt
2026-02-28T22:57:41.382Z [info] [bots] Immediate send success
2026-02-28T22:57:41.517Z [info] [bots] Immediate send attempt
2026-02-28T22:57:41.517Z [info] [bots] Immediate send success
2026-02-28T22:57:53.046Z [info] [bots] Joined channel
2026-02-28T22:57:53.047Z [info] [bots] Joined channel
2026-02-28T22:57:53.047Z [info] [bots] Joined channel
2026-02-28T22:57:53.047Z [info] [bots] Joined channel
2026-02-28T22:57:53.047Z [info] [bots] Joined channel
2026-02-28T22:57:53.047Z [info] [bots] Joined channel
2026-02-28T22:57:53.047Z [info] [bots] Joined channel
2026-02-28T22:57:53.048Z [info] [bots] Joined channel
